TN:test
SF:/home/daria/Документы/GIT/STRINGPLUS/src/function/s21_insert.c
FN:4,41,s21_insert
FNDA:8,s21_insert
FNF:1
FNH:1
DA:4,8
DA:6,8
DA:7,4
DA:10,4
DA:11,4
DA:13,4
DA:14,2
DA:17,2
DA:18,2
DA:19,2
DA:20,0
DA:24,16
DA:25,14
DA:29,22
DA:30,20
DA:34,14
DA:35,12
DA:38,2
DA:40,2
LF:19
LH:18
end_of_record
TN:test
SF:/home/daria/Документы/GIT/STRINGPLUS/src/function/s21_memchr.c
FN:3,17,s21_memchr
FNDA:8,s21_memchr
FNF:1
FNH:1
DA:3,8
DA:4,8
DA:5,8
DA:6,8
DA:8,50
DA:9,44
DA:10,2
DA:11,2
DA:13,42
DA:14,42
DA:16,8
LF:11
LH:11
end_of_record
TN:test
SF:/home/daria/Документы/GIT/STRINGPLUS/src/function/s21_memcmp.c
FN:3,13,s21_memcmp
FNDA:8,s21_memcmp
FNF:1
FNH:1
DA:3,8
DA:4,8
DA:5,50
DA:6,42
DA:7,0
DA:8,0
DA:9,0
DA:12,8
LF:8
LH:5
end_of_record
TN:test
SF:/home/daria/Документы/GIT/STRINGPLUS/src/function/s21_memcpy.c
FN:3,10,s21_memcpy
FNDA:4,s21_memcpy
FNF:1
FNH:1
DA:3,4
DA:4,4
DA:5,4
DA:6,18
DA:7,14
DA:9,4
LF:6
LH:6
end_of_record
TN:test
SF:/home/daria/Документы/GIT/STRINGPLUS/src/function/s21_memset.c
FN:3,9,s21_memset
FNDA:6,s21_memset
FNF:1
FNH:1
DA:3,6
DA:4,6
DA:5,22
DA:6,16
DA:8,6
LF:5
LH:5
end_of_record
TN:test
SF:/home/daria/Документы/GIT/STRINGPLUS/src/function/s21_sprintf.c
FN:146,165,uint_to_str
FN:167,227,float_to_string
FN:21,31,parse_flags
FN:229,235,check_minus_flag
FN:237,284,specifier_f
FN:286,317,specifier_s
FN:319,369,specifier_u
FN:33,43,parse_width
FN:371,386,specifier_percent
FN:388,453,specifier_o
FN:45,59,parse_precision
FN:454,538,specifier_x
FN:5,19,init_format_spec
FN:540,543,specifier_x_lower
FN:545,548,specifier_x_upper
FN:550,598,specifier_p
FN:600,709,specifier_e
FN:61,72,parse_lenght
FN:712,715,specifier_e_lower
FN:718,721,specifier_e_upper
FN:723,776,s21_sprintf
FN:74,87,specifier_c
FN:89,144,specifier_d
FNDA:18,uint_to_str
FNDA:34,float_to_string
FNDA:308,parse_flags
FNDA:0,check_minus_flag
FNDA:26,specifier_f
FNDA:12,specifier_s
FNDA:18,specifier_u
FNDA:308,parse_width
FNDA:4,specifier_percent
FNDA:20,specifier_o
FNDA:308,parse_precision
FNDA:22,specifier_x
FNDA:308,init_format_spec
FNDA:10,specifier_x_lower
FNDA:12,specifier_x_upper
FNDA:8,specifier_p
FNDA:34,specifier_e
FNDA:308,parse_lenght
FNDA:22,specifier_e_lower
FNDA:12,specifier_e_upper
FNDA:306,s21_sprintf
FNDA:10,specifier_c
FNDA:154,specifier_d
FNF:23
FNH:22
DA:5,308
DA:6,308
DA:7,308
DA:8,308
DA:9,308
DA:10,308
DA:11,308
DA:12,308
DA:13,308
DA:14,308
DA:15,308
DA:16,308
DA:17,308
DA:18,308
DA:19,308
DA:21,308
DA:22,644
DA:23,678
DA:24,44
DA:25,44
DA:26,44
DA:27,44
DA:28,44
DA:29,44
DA:31,308
DA:33,308
DA:34,308
DA:35,20
DA:36,20
DA:38,356
DA:39,68
DA:40,68
DA:43,308
DA:45,308
DA:46,308
DA:47,36
DA:48,36
DA:49,16
DA:50,16
DA:52,20
DA:53,40
DA:54,20
DA:55,20
DA:59,308
DA:61,308
DA:62,308
DA:63,6
DA:64,6
DA:65,302
DA:66,12
DA:67,12
DA:68,290
DA:69,2
DA:70,2
DA:72,308
DA:74,10
DA:75,10
DA:76,10
DA:77,2
DA:78,10
DA:79,8
DA:82,24
DA:83,16
DA:85,8
DA:87,10
DA:89,154
DA:90,154
DA:91,154
DA:92,2
DA:93,152
DA:94,2
DA:98,154
DA:99,154
DA:100,154
DA:101,100
DA:104,498
DA:105,344
DA:106,344
DA:109,154
DA:110,100
DA:111,54
DA:112,2
DA:113,52
DA:114,2
DA:118,162
DA:119,8
DA:122,154
DA:123,154
DA:125,152
DA:126,2
DA:128,150
DA:130,174
DA:131,22
DA:135,610
DA:136,456
DA:139,154
DA:140,6
DA:141,4
DA:144,154
DA:146,18
DA:149,18
DA:150,18
DA:151,0
DA:153,72
DA:154,54
DA:155,54
DA:158,18
DA:160,36
DA:161,18
DA:162,18
DA:163,18
DA:165,18
DA:167,34
DA:170,34
DA:174,34
DA:175,4
DA:177,30
DA:181,34
DA:182,222
DA:183,188
DA:185,34
DA:186,2
DA:188,32
DA:192,34
DA:193,34
DA:196,34
DA:197,0
DA:199,34
DA:200,2
DA:201,2
DA:204,34
DA:205,74
DA:206,40
DA:207,40
DA:209,74
DA:210,40
DA:215,34
DA:216,34
DA:217,222
DA:218,188
DA:219,188
DA:220,188
DA:221,188
DA:225,34
DA:226,34
DA:229,0
DA:230,0
DA:231,0
DA:232,0
DA:235,0
DA:237,26
DA:240,26
DA:241,2
DA:243,24
DA:246,26
DA:247,2
DA:249,24
DA:250,2
DA:253,26
DA:255,8
DA:256,8
DA:258,8
DA:260,6
DA:261,2
DA:263,4
DA:265,12
DA:266,6
DA:271,26
DA:272,26
DA:274,26
DA:275,2
DA:276,0
DA:280,26
DA:281,0
DA:282,0
DA:284,26
DA:286,12
DA:287,12
DA:289,12
DA:293,12
DA:294,6
DA:296,6
DA:299,12
DA:301,18
DA:302,8
DA:307,60
DA:308,48
DA:311,12
DA:313,6
DA:314,4
DA:317,12
DA:319,18
DA:320,18
DA:322,18
DA:323,18
DA:327,18
DA:328,4
DA:330,14
DA:333,18
DA:335,18
DA:336,8
DA:338,10
DA:341,18
DA:343,16
DA:344,2
DA:346,14
DA:348,38
DA:349,22
DA:354,22
DA:355,4
DA:359,72
DA:360,54
DA:364,18
DA:365,6
DA:366,4
DA:369,18
DA:371,4
DA:372,4
DA:374,4
DA:375,4
DA:376,0
DA:379,4
DA:381,4
DA:382,0
DA:383,0
DA:386,4
DA:388,20
DA:389,20
DA:393,20
DA:396,20
DA:397,0
DA:400,84
DA:401,64
DA:402,64
DA:404,64
DA:408,20
DA:409,2
DA:414,32
DA:415,12
DA:418,20
DA:422,20
DA:423,8
DA:425,12
DA:429,20
DA:430,24
DA:431,8
DA:436,20
DA:437,8
DA:438,6
DA:443,98
DA:444,78
DA:448,20
DA:449,8
DA:450,6
DA:453,20
DA:454,22
DA:456,22
DA:457,22
DA:460,22
DA:463,22
DA:464,0
DA:466,176
DA:467,154
DA:468,154
DA:469,88
DA:471,66
DA:472,36
DA:474,30
DA:477,154
DA:482,22
DA:483,8
DA:484,4
DA:489,22
DA:490,4
DA:492,18
DA:494,22
DA:496,22
DA:497,8
DA:499,14
DA:503,22
DA:504,22
DA:505,4
DA:510,22
DA:511,4
DA:512,4
DA:513,2
DA:515,2
DA:521,22
DA:522,4
DA:523,2
DA:528,180
DA:529,158
DA:533,22
DA:534,4
DA:535,2
DA:538,22
DA:540,10
DA:542,10
DA:543,10
DA:545,12
DA:547,12
DA:548,12
DA:550,8
DA:551,8
DA:552,8
DA:556,8
DA:558,8
DA:559,0
DA:561,72
DA:562,64
DA:563,64
DA:564,64
DA:566,0
DA:568,64
DA:572,8
DA:573,8
DA:575,8
DA:577,8
DA:578,0
DA:580,8
DA:583,8
DA:584,6
DA:585,0
DA:589,88
DA:590,80
DA:593,8
DA:594,2
DA:595,0
DA:598,8
DA:600,34
DA:604,34
DA:605,0
DA:607,34
DA:611,34
DA:614,34
DA:615,34
DA:618,34
DA:619,34
DA:620,716
DA:621,684
DA:622,684
DA:624,632
DA:625,600
DA:626,600
DA:631,34
DA:632,238
DA:633,204
DA:635,34
DA:638,34
DA:639,0
DA:640,0
DA:645,34
DA:648,34
DA:649,2
DA:650,32
DA:651,0
DA:652,32
DA:653,0
DA:657,34
DA:658,34
DA:660,34
DA:661,34
DA:664,238
DA:665,204
DA:666,204
DA:667,204
DA:671,34
DA:672,34
DA:673,2
DA:674,2
DA:676,32
DA:680,34
DA:681,4
DA:682,4
DA:685,34
DA:686,34
DA:689,34
DA:692,34
DA:693,78
DA:694,66
DA:699,448
DA:700,414
DA:704,34
DA:705,0
DA:706,0
DA:709,34
DA:712,22
DA:714,22
DA:715,22
DA:718,12
DA:720,12
DA:721,12
DA:723,306
DA:724,306
DA:727,306
DA:729,306
DA:731,2462
DA:732,2156
DA:733,308
DA:735,308
DA:737,308
DA:738,308
DA:739,308
DA:740,308
DA:742,308
DA:743,154
DA:744,154
DA:745,10
DA:746,144
DA:747,18
DA:748,126
DA:749,4
DA:750,122
DA:751,26
DA:752,96
DA:753,12
DA:754,84
DA:755,20
DA:756,64
DA:757,10
DA:758,54
DA:759,12
DA:760,42
DA:761,8
DA:762,34
DA:763,22
DA:764,12
DA:765,12
DA:768,1848
DA:770,2156
DA:773,306
DA:774,306
DA:775,306
LF:433
LH:406
end_of_record
TN:test
SF:/home/daria/Документы/GIT/STRINGPLUS/src/function/s21_sscanf.c
FN:134,159,sscanf_specifier_p
FN:161,194,sscanf_specifier_u
FN:196,199,sscanf_specifier_n
FN:201,224,sscanf_specifier_o
FN:226,235,sscanf_specifier_e
FN:237,285,sscanf_specifier_xX
FN:287,318,sscanf_specifier_i
FN:3,96,s21_sscanf
FN:320,335,sscanf_specifier_c
FN:337,385,strtod_custom
FN:387,435,strtold_custom
FN:437,464,strtol_custom
FN:98,132,sscanf_specifier_s
FNDA:10,sscanf_specifier_p
FNDA:8,sscanf_specifier_u
FNDA:2,sscanf_specifier_n
FNDA:8,sscanf_specifier_o
FNDA:8,sscanf_specifier_e
FNDA:10,sscanf_specifier_xX
FNDA:50,sscanf_specifier_i
FNDA:102,s21_sscanf
FNDA:10,sscanf_specifier_c
FNDA:6,strtod_custom
FNDA:2,strtold_custom
FNDA:50,strtol_custom
FNDA:8,sscanf_specifier_s
FNF:13
FNH:13
DA:3,102
DA:4,102
DA:5,102
DA:6,102
DA:8,102
DA:10,232
DA:11,132
DA:12,116
DA:15,116
DA:16,116
DA:17,8
DA:18,8
DA:23,116
DA:24,116
DA:25,34
DA:26,34
DA:27,34
DA:28,0
DA:29,0
DA:31,68
DA:32,34
DA:33,34
DA:35,34
DA:38,116
DA:39,116
DA:40,116
DA:42,116
DA:43,28
DA:44,28
DA:45,88
DA:46,14
DA:47,14
DA:48,74
DA:49,2
DA:50,2
DA:53,116
DA:54,50
DA:55,50
DA:57,116
DA:58,8
DA:59,8
DA:60,108
DA:61,10
DA:62,10
DA:63,98
DA:64,8
DA:65,8
DA:66,90
DA:67,2
DA:68,2
DA:69,88
DA:70,8
DA:71,8
DA:72,80
DA:73,72
DA:74,8
DA:75,8
DA:76,72
DA:77,10
DA:78,10
DA:79,62
DA:80,10
DA:81,10
DA:82,52
DA:83,0
DA:86,16
DA:87,2
DA:89,14
DA:91,130
DA:94,100
DA:95,100
DA:98,8
DA:101,8
DA:102,0
DA:103,0
DA:104,0
DA:105,0
DA:106,0
DA:107,0
DA:108,0
DA:110,0
DA:111,0
DA:112,0
DA:113,0
DA:115,0
DA:117,8
DA:118,8
DA:119,30
DA:120,22
DA:121,22
DA:122,22
DA:123,22
DA:125,8
DA:126,0
DA:127,0
DA:128,0
DA:130,8
DA:132,8
DA:134,10
DA:136,10
DA:137,10
DA:140,10
DA:141,6
DA:144,82
DA:145,72
DA:146,72
DA:147,72
DA:148,30
DA:149,42
DA:150,42
DA:152,72
DA:155,10
DA:156,8
DA:157,8
DA:159,10
DA:161,8
DA:163,8
DA:164,2
DA:165,2
DA:166,2
DA:168,18
DA:169,16
DA:170,16
DA:171,16
DA:173,6
DA:174,2
DA:175,2
DA:176,2
DA:178,12
DA:179,10
DA:180,10
DA:181,10
DA:184,4
DA:185,4
DA:186,4
DA:188,20
DA:189,16
DA:190,16
DA:191,16
DA:194,8
DA:196,2
DA:197,2
DA:198,2
DA:199,2
DA:201,8
DA:203,8
DA:204,8
DA:206,44
DA:207,36
DA:208,36
DA:209,36
DA:212,8
DA:213,8
DA:214,2
DA:215,2
DA:216,6
DA:217,2
DA:218,2
DA:220,4
DA:221,4
DA:224,8
DA:226,8
DA:228,8
DA:229,2
DA:230,2
DA:232,6
DA:233,6
DA:235,8
DA:237,10
DA:239,10
DA:240,2
DA:241,2
DA:242,2
DA:244,18
DA:245,16
DA:246,16
DA:247,8
DA:248,8
DA:249,8
DA:250,0
DA:251,0
DA:252,16
DA:254,8
DA:255,2
DA:256,2
DA:257,2
DA:259,10
DA:260,8
DA:261,8
DA:262,4
DA:263,4
DA:264,4
DA:265,0
DA:266,0
DA:267,8
DA:270,6
DA:271,6
DA:272,6
DA:274,34
DA:275,28
DA:276,28
DA:277,14
DA:278,14
DA:279,10
DA:280,4
DA:281,4
DA:282,28
DA:285,10
DA:287,50
DA:289,50
DA:290,50
DA:291,50
DA:292,18
DA:293,18
DA:294,18
DA:295,10
DA:296,10
DA:297,10
DA:299,8
DA:303,50
DA:304,50
DA:306,50
DA:307,46
DA:308,10
DA:309,10
DA:310,36
DA:311,8
DA:312,8
DA:314,28
DA:315,28
DA:318,50
DA:320,10
DA:322,10
DA:323,10
DA:324,10
DA:326,10
DA:327,8
DA:328,4
DA:329,4
DA:331,4
DA:332,4
DA:335,10
DA:337,6
DA:338,6
DA:339,6
DA:340,6
DA:342,6
DA:343,0
DA:344,0
DA:347,6
DA:348,12
DA:349,6
DA:350,6
DA:351,6
DA:354,6
DA:355,6
DA:356,6
DA:357,18
DA:358,12
DA:359,12
DA:360,12
DA:361,12
DA:365,6
DA:366,6
DA:367,6
DA:368,6
DA:369,6
DA:370,0
DA:371,0
DA:372,6
DA:373,0
DA:375,6
DA:376,12
DA:377,6
DA:378,6
DA:379,6
DA:381,6
DA:384,6
DA:387,2
DA:388,2
DA:389,2
DA:390,2
DA:392,2
DA:393,0
DA:394,0
DA:397,2
DA:398,4
DA:399,2
DA:400,2
DA:401,2
DA:404,2
DA:405,2
DA:406,2
DA:407,6
DA:408,4
DA:409,4
DA:410,4
DA:411,4
DA:415,2
DA:416,2
DA:417,2
DA:418,2
DA:419,0
DA:420,0
DA:421,2
DA:422,0
DA:424,2
DA:425,2
DA:426,4
DA:427,2
DA:428,2
DA:429,2
DA:431,2
DA:434,2
DA:437,50
DA:438,50
DA:439,50
DA:441,50
DA:442,4
DA:443,4
DA:444,4
DA:446,240
DA:447,52
DA:448,456
DA:450,178
DA:451,164
DA:452,164
DA:453,14
DA:454,12
DA:455,12
DA:456,2
DA:457,2
DA:458,2
DA:460,178
DA:463,50
LF:335
LH:303
end_of_record
TN:test
SF:/home/daria/Документы/GIT/STRINGPLUS/src/function/s21_strchr.c
FN:3,17,s21_strchr
FNDA:68,s21_strchr
FNF:1
FNH:1
DA:3,68
DA:4,68
DA:5,68
DA:6,0
DA:8,236
DA:9,186
DA:10,18
DA:11,18
DA:13,168
DA:16,68
LF:10
LH:9
end_of_record
TN:test
SF:/home/daria/Документы/GIT/STRINGPLUS/src/function/s21_strcspn.c
FN:3,18,s21_strcspn
FNDA:8,s21_strcspn
FNF:1
FNH:1
DA:3,8
DA:4,8
DA:5,8
DA:6,8
DA:7,8
DA:9,40
DA:10,100
DA:11,64
DA:13,36
DA:14,32
DA:15,32
DA:17,8
LF:12
LH:12
end_of_record
TN:test
SF:/home/daria/Документы/GIT/STRINGPLUS/src/function/s21_strerror.c
FN:261,270,s21_strerror
FNDA:400,s21_strerror
FNF:1
FNH:1
DA:261,400
DA:262,400
DA:263,400
DA:264,268
DA:266,132
DA:267,132
DA:269,400
LF:7
LH:7
end_of_record
TN:test
SF:/home/daria/Документы/GIT/STRINGPLUS/src/function/s21_strlen.c
FN:3,8,s21_strlen
FNDA:70,s21_strlen
FNF:1
FNH:1
DA:3,70
DA:5,510
DA:7,70
LF:3
LH:3
end_of_record
TN:test
SF:/home/daria/Документы/GIT/STRINGPLUS/src/function/s21_strncat.c
FN:3,20,s21_strncat
FNDA:4,s21_strncat
FNF:1
FNH:1
DA:3,4
DA:4,4
DA:6,12
DA:7,8
DA:10,6
DA:11,2
DA:12,2
DA:13,2
DA:14,2
DA:17,4
DA:19,4
LF:11
LH:11
end_of_record
TN:test
SF:/home/daria/Документы/GIT/STRINGPLUS/src/function/s21_strncmp.c
FN:3,13,s21_strncmp
FNDA:4,s21_strncmp
FNF:1
FNH:1
DA:3,4
DA:4,14
DA:5,10
DA:6,0
DA:8,10
DA:9,0
DA:12,4
LF:7
LH:5
end_of_record
TN:test
SF:/home/daria/Документы/GIT/STRINGPLUS/src/function/s21_strncpy.c
FN:3,11,s21_strncpy
FNDA:6,s21_strncpy
FNF:1
FNH:1
DA:3,6
DA:4,6
DA:5,52
DA:6,46
DA:7,46
DA:9,6
DA:10,6
LF:7
LH:7
end_of_record
TN:test
SF:/home/daria/Документы/GIT/STRINGPLUS/src/function/s21_strpbrk.c
FN:3,15,s21_strpbrk
FNDA:6,s21_strpbrk
FNF:1
FNH:1
DA:3,6
DA:4,6
DA:5,50
DA:6,178
DA:7,134
DA:8,2
DA:9,2
DA:12,44
DA:14,4
LF:9
LH:9
end_of_record
TN:test
SF:/home/daria/Документы/GIT/STRINGPLUS/src/function/s21_strrchr.c
FN:3,16,s21_strrchr
FNDA:8,s21_strrchr
FNF:1
FNH:1
DA:3,8
DA:4,8
DA:5,8
DA:6,0
DA:8,86
DA:9,78
DA:10,12
DA:12,78
DA:15,8
LF:9
LH:8
end_of_record
TN:test
SF:/home/daria/Документы/GIT/STRINGPLUS/src/function/s21_strstr.c
FN:3,25,s21_strstr
FNDA:4,s21_strstr
FNF:1
FNH:1
DA:3,4
DA:4,4
DA:5,0
DA:8,30
DA:9,28
DA:10,28
DA:12,34
DA:13,6
DA:14,6
DA:17,28
DA:18,2
DA:21,26
DA:24,2
LF:13
LH:12
end_of_record
TN:test
SF:/home/daria/Документы/GIT/STRINGPLUS/src/function/s21_strtok.c
FN:3,31,s21_strtok
FNDA:14,s21_strtok
FNF:1
FNH:1
DA:3,14
DA:5,14
DA:7,14
DA:8,12
DA:9,4
DA:12,18
DA:13,6
DA:16,12
DA:17,10
DA:19,48
DA:20,38
DA:23,10
DA:24,8
DA:25,8
DA:30,14
LF:15
LH:15
end_of_record
TN:test
SF:/home/daria/Документы/GIT/STRINGPLUS/src/function/s21_to_lower.c
FN:4,29,s21_to_lower
FNDA:10,s21_to_lower
FNF:1
FNH:1
DA:4,10
DA:6,10
DA:7,2
DA:10,8
DA:12,8
DA:13,8
DA:14,0
DA:17,66
DA:18,58
DA:19,58
DA:20,14
DA:22,44
DA:26,8
DA:28,8
LF:14
LH:13
end_of_record
TN:test
SF:/home/daria/Документы/GIT/STRINGPLUS/src/function/s21_to_upper.c
FN:4,29,s21_to_upper
FNDA:8,s21_to_upper
FNF:1
FNH:1
DA:4,8
DA:6,8
DA:7,2
DA:10,6
DA:12,6
DA:13,6
DA:14,0
DA:17,26
DA:18,20
DA:19,20
DA:20,10
DA:22,10
DA:26,6
DA:28,6
LF:14
LH:13
end_of_record
TN:test
SF:/home/daria/Документы/GIT/STRINGPLUS/src/function/s21_trim.c
FN:4,62,s21_trim
FNDA:14,s21_trim
FNF:1
FNH:1
DA:4,14
DA:5,14
DA:6,4
DA:9,10
DA:10,10
DA:13,34
DA:14,30
DA:15,30
DA:16,36
DA:17,30
DA:18,24
DA:19,24
DA:21,6
DA:23,30
DA:24,6
DA:26,24
DA:30,22
DA:31,18
DA:32,18
DA:33,24
DA:34,18
DA:35,12
DA:36,12
DA:38,6
DA:40,18
DA:41,6
DA:43,12
DA:47,10
DA:50,10
DA:51,10
DA:52,0
DA:56,88
DA:57,78
DA:59,10
DA:61,10
LF:35
LH:34
end_of_record
TN:test
SF:/home/daria/Документы/GIT/STRINGPLUS/src/tests/s21_tests.c
FN:1024,1035,test_sscanf_width_d_fn
FN:1038,1046,test_specifier_s_fn
FN:1049,1058,test_sscanf_width_s_fn
FN:1061,1069,test_specifier_p_fn
FN:1072,1079,test_specifier_n_fn
FN:1082,1107,test_specifier_u_fn
FN:110,119,test_s21_sprintf_d_space_fn
FN:1110,1121,test_sscanf_width_u_fn
FN:1124,1149,test_specifier_o_fn
FN:1152,1163,test_sscanf_width_o_fn
FN:1166,1191,test_specifier_x_fn
FN:1194,1206,test_sscanf_width_x_fn
FN:12,22,test_s21_sprintf_c_fn
FN:1209,1217,test_specifier_X_fn
FN:122,131,test_s21_sprintf_d_width_fn
FN:1220,1241,test_specifier_i_1_fn
FN:1244,1252,test_specifier_i_2_fn
FN:1255,1263,test_specifier_i_3_fn
FN:1266,1298,test_sscanf_specifier_hi_fn
FN:1301,1333,test_sscanf_specifier_li_fn
FN:1336,1348,test_sscanf_specifier_c_fn
FN:134,143,test_s21_sprintf_d_width_2_fn
FN:1351,1361,test_sscanf_specifier_Le_fn
FN:1364,1374,test_sscanf_specifier_e_fn
FN:1378,1385,test_s21_sprintf_e_default_fn
FN:1388,1395,test_s21_sprintf_e_precision_fn
FN:1398,1405,test_s21_sprintf_e_precision_2_fn
FN:1408,1415,test_s21_sprintf_e_width_fn
FN:1418,1425,test_s21_sprintf_e_width_2_fn
FN:1428,1435,test_s21_sprintf_e_width_and_precision_fn
FN:1438,1445,test_s21_sprintf_e_zero_fn
FN:1448,1455,test_s21_sprintf_e_negative_fn
FN:1458,1465,test_s21_sprintf_e_large_number_fn
FN:146,155,test_s21_sprintf_d_precision_fn
FN:1468,1475,test_s21_sprintf_e_small_number_fn
FN:1478,1485,test_s21_sprintf_E_default_fn
FN:1488,1495,test_s21_sprintf_E_precision_fn
FN:1498,1505,test_s21_sprintf_E_precision_2_fn
FN:1508,1515,test_s21_sprintf_E_width_fn
FN:1518,1525,test_s21_sprintf_E_width_2_fn
FN:1528,1535,test_s21_sprintf_E_width_and_precision_fn
FN:1540,1550,test_sscanf_exponential_with_width_and_remainder_fn
FN:1553,1559,test_sscanf_width_2_fn
FN:1562,1568,test_sscanf_width_3_fn
FN:1571,1577,test_sscanf_width_1_fn
FN:158,167,test_s21_sprintf_d_precision_2_fn
FN:1580,1586,test_sscanf_width_hex_2_fn
FN:1589,1595,test_s21_sscanf_d_0_fn
FN:1598,1604,test_s21_sscanf_p_wight_fn
FN:1607,1616,test_s21_sscanf_c_wight_fn
FN:1620,1631,test_s21_memchr_1_fn
FN:1634,1641,test_s21_memchr_2_fn
FN:1644,1650,test_s21_memchr_3_fn
FN:1653,1659,test_s21_memchr_4_fn
FN:1662,1670,test_s21_memcmp_1_fn
FN:1673,1681,test_s21_memcmp_2_fn
FN:1684,1692,test_s21_memcmp_3_fn
FN:1695,1703,test_s21_memcmp_4_fn
FN:170,179,test_s21_sprintf_d_lenght_h_fn
FN:1706,1713,test_s21_memcpy_1_fn
FN:1716,1723,test_s21_memcpy_2_fn
FN:1726,1732,test_s21_memset_1_fn
FN:1735,1742,test_s21_memset_2_fn
FN:1745,1751,test_s21_memset_3_fn
FN:1754,1766,test_s21_strchr_1_fn
FN:1769,1776,test_s21_strchr_2_fn
FN:1779,1788,test_s21_strcspn_1_fn
FN:1791,1800,test_s21_strcspn_2_fn
FN:1803,1812,test_s21_strcspn_3_fn
FN:1815,1824,test_s21_strcspn_4_fn
FN:182,191,test_s21_sprintf_d_lenght_l_fn
FN:1827,1831,test_s21_strerror_fn
FN:1834,1842,test_s21_strlen_1_fn
FN:1845,1853,test_s21_strlen_2_fn
FN:1856,1864,test_s21_strlen_3_fn
FN:1867,1874,test_s21_strncat_fn
FN:1877,1881,test_s21_strncmp_1_fn
FN:1884,1888,test_s21_strncmp_3_fn
FN:1891,1897,test_s21_strncpy_1_fn
FN:1900,1906,test_s21_strncpy_2_fn
FN:1909,1915,test_s21_strncpy_3_fn
FN:1918,1926,test_s21_strpbrk_1_fn
FN:1929,1935,test_s21_strpbrk_2_fn
FN:1938,1944,test_s21_strpbrk_3_fn
FN:194,203,test_s21_sprintf_d_flag_zero_fn
FN:1947,1953,test_s21_strrchr_1_fn
FN:1956,1964,test_s21_strrchr_2_fn
FN:1967,1988,s21_strtok_test_fn
FN:1991,1999,test_s21_strrchr_3_fn
FN:2002,2009,test_s21_strrchr_4_fn
FN:2012,2020,test_s21_strstr_1_fn
FN:2023,2029,test_s21_strstr_2_fn
FN:2032,2046,test_sscanf_width_star_i_fn
FN:2049,2057,test_sscanf_pointer_fn
FN:2061,2069,test_sscanf_null_pointer_fn
FN:207,215,test_s21_sprintf_u_fn
FN:2072,2082,test_sscanf_exponential_with_width_fn
FN:2086,2302,s21_sprintf_suite
FN:218,226,test_s21_sprintf_u_precision_fn
FN:229,237,test_s21_sprintf_u_precision_2_fn
FN:2305,2315,main
FN:240,248,test_s21_sprintf_u_left_align_fn
FN:25,34,test_s21_sprintf_c_left_align_fn
FN:251,259,test_s21_sprintf_u_width_fn
FN:262,270,test_s21_sprintf_u_width_2_fn
FN:273,281,test_s21_sprintf_u_lenght_h_fn
FN:284,293,test_s21_sprintf_u_lenght_l_fn
FN:296,304,test_s21_sprintf_u_flag_zero_fn
FN:308,316,test_s21_sprintf_percent_fn
FN:320,328,test_s21_sprintf_f_fn
FN:331,339,test_s21_sprintf_f_left_align_fn
FN:342,350,test_s21_sprintf_f_plus_fn
FN:353,361,test_s21_sprintf_f_plus_2_fn
FN:364,372,test_s21_sprintf_f_space_fn
FN:37,46,test_s21_sprintf_c_width_fn
FN:375,383,test_s21_sprintf_f_width_fn
FN:386,394,test_s21_sprintf_f_width_2_fn
FN:397,405,test_s21_sprintf_f_presicion_fn
FN:408,416,test_s21_sprintf_f_presicion_2_fn
FN:419,427,test_s21_sprintf_f_lenght_l_fn
FN:430,438,test_s21_sprintf_f_lenght_L_fn
FN:441,449,test_s21_sprintf_f_flag_zero_fn
FN:452,460,test_s21_sprintf_f_lattice_fn
FN:464,472,test_s21_sprintf_s_fn
FN:475,483,test_s21_sprintf_s_left_align_fn
FN:486,494,test_s21_sprintf_s_width_fn
FN:49,58,test_s21_sprintf_c_width_2_fn
FN:497,505,test_s21_sprintf_s_width_2_fn
FN:508,516,test_s21_sprintf_s_presicion_fn
FN:519,527,test_s21_sprintf_s_presicion_2_fn
FN:531,539,test_s21_sprintf_o_fn
FN:542,550,test_s21_sprintf_o_left_align_fn
FN:553,561,test_s21_sprintf_o_width_fn
FN:564,572,test_s21_sprintf_o_width_2_fn
FN:575,583,test_s21_sprintf_o_lattice_fn
FN:586,594,test_s21_sprintf_o_flag_zero_fn
FN:597,605,test_s21_sprintf_o_presicion_fn
FN:608,616,test_s21_sprintf_o_presicion_2_fn
FN:61,70,test_s21_sprintf_c_length_l_fn
FN:619,628,test_s21_sprintf_o_lenght_l_fn
FN:631,640,test_s21_sprintf_o_lenght_h_fn
FN:644,652,test_s21_sprintf_x_fn
FN:655,663,test_s21_sprintf_X_fn
FN:666,674,test_s21_sprintf_X_left_align_fn
FN:677,685,test_s21_sprintf_X_width_fn
FN:688,696,test_s21_sprintf_X_width_2_fn
FN:699,707,test_s21_sprintf_X_flag_zero_fn
FN:710,718,test_s21_sprintf_X_lattice_fn
FN:721,729,test_s21_sprintf_x_lattice_fn
FN:732,740,test_s21_sprintf_x_presicion_fn
FN:74,83,test_s21_sprintf_d_fn
FN:743,751,test_s21_sprintf_x_presicion_2_fn
FN:754,763,test_s21_sprintf_x_lenght_l_fn
FN:767,774,test_s21_sprintf_p_fn
FN:777,784,test_s21_sprintf_p_left_align_fn
FN:787,794,test_s21_sprintf_p_width_fn
FN:797,804,test_s21_sprintf_p_width_2_fn
FN:808,817,test_trim_spaces_fn
FN:821,830,test_trim_specific_chars_fn
FN:834,843,test_trim_only_trim_chars_fn
FN:847,856,test_trim_no_trim_chars_fn
FN:86,95,test_s21_sprintf_d_left_align_fn
FN:860,869,test_trim_empty_string_fn
FN:873,879,test_trim_null_pointers_fn
FN:883,891,test_s21_insert_fn
FN:894,900,test_s21_insert_null_fn
FN:903,909,test_s21_insert_index_fn
FN:913,918,test_s21_to_lower_fn
FN:921,927,test_s21_to_lower_2_fn
FN:930,936,test_s21_to_lower_3_fn
FN:939,945,test_s21_to_lower_4_fn
FN:948,951,test_s21_to_lower_null_fn
FN:955,960,test_s21_to_upper_fn
FN:963,968,test_s21_to_upper_2_fn
FN:971,976,test_s21_to_upper_3_fn
FN:979,982,test_s21_to_upper_null_fn
FN:98,107,test_s21_sprintf_d_plus_fn
FN:986,1021,test_specifier_d_fn
FNDA:2,test_sscanf_width_d_fn
FNDA:2,test_specifier_s_fn
FNDA:2,test_sscanf_width_s_fn
FNDA:2,test_specifier_p_fn
FNDA:2,test_specifier_n_fn
FNDA:2,test_specifier_u_fn
FNDA:2,test_s21_sprintf_d_space_fn
FNDA:2,test_sscanf_width_u_fn
FNDA:2,test_specifier_o_fn
FNDA:2,test_sscanf_width_o_fn
FNDA:2,test_specifier_x_fn
FNDA:2,test_sscanf_width_x_fn
FNDA:2,test_s21_sprintf_c_fn
FNDA:2,test_specifier_X_fn
FNDA:2,test_s21_sprintf_d_width_fn
FNDA:2,test_specifier_i_1_fn
FNDA:2,test_specifier_i_2_fn
FNDA:2,test_specifier_i_3_fn
FNDA:2,test_sscanf_specifier_hi_fn
FNDA:2,test_sscanf_specifier_li_fn
FNDA:2,test_sscanf_specifier_c_fn
FNDA:2,test_s21_sprintf_d_width_2_fn
FNDA:2,test_sscanf_specifier_Le_fn
FNDA:2,test_sscanf_specifier_e_fn
FNDA:4,test_s21_sprintf_e_default_fn
FNDA:2,test_s21_sprintf_e_precision_fn
FNDA:2,test_s21_sprintf_e_precision_2_fn
FNDA:2,test_s21_sprintf_e_width_fn
FNDA:2,test_s21_sprintf_e_width_2_fn
FNDA:2,test_s21_sprintf_e_width_and_precision_fn
FNDA:2,test_s21_sprintf_e_zero_fn
FNDA:2,test_s21_sprintf_e_negative_fn
FNDA:2,test_s21_sprintf_e_large_number_fn
FNDA:2,test_s21_sprintf_d_precision_fn
FNDA:2,test_s21_sprintf_e_small_number_fn
FNDA:2,test_s21_sprintf_E_default_fn
FNDA:2,test_s21_sprintf_E_precision_fn
FNDA:2,test_s21_sprintf_E_precision_2_fn
FNDA:2,test_s21_sprintf_E_width_fn
FNDA:2,test_s21_sprintf_E_width_2_fn
FNDA:2,test_s21_sprintf_E_width_and_precision_fn
FNDA:2,test_sscanf_exponential_with_width_and_remainder_fn
FNDA:2,test_sscanf_width_2_fn
FNDA:2,test_sscanf_width_3_fn
FNDA:2,test_sscanf_width_1_fn
FNDA:2,test_s21_sprintf_d_precision_2_fn
FNDA:2,test_sscanf_width_hex_2_fn
FNDA:2,test_s21_sscanf_d_0_fn
FNDA:2,test_s21_sscanf_p_wight_fn
FNDA:2,test_s21_sscanf_c_wight_fn
FNDA:2,test_s21_memchr_1_fn
FNDA:2,test_s21_memchr_2_fn
FNDA:2,test_s21_memchr_3_fn
FNDA:2,test_s21_memchr_4_fn
FNDA:2,test_s21_memcmp_1_fn
FNDA:2,test_s21_memcmp_2_fn
FNDA:2,test_s21_memcmp_3_fn
FNDA:2,test_s21_memcmp_4_fn
FNDA:2,test_s21_sprintf_d_lenght_h_fn
FNDA:2,test_s21_memcpy_1_fn
FNDA:2,test_s21_memcpy_2_fn
FNDA:2,test_s21_memset_1_fn
FNDA:2,test_s21_memset_2_fn
FNDA:2,test_s21_memset_3_fn
FNDA:2,test_s21_strchr_1_fn
FNDA:2,test_s21_strchr_2_fn
FNDA:2,test_s21_strcspn_1_fn
FNDA:2,test_s21_strcspn_2_fn
FNDA:2,test_s21_strcspn_3_fn
FNDA:2,test_s21_strcspn_4_fn
FNDA:2,test_s21_sprintf_d_lenght_l_fn
FNDA:2,test_s21_strerror_fn
FNDA:2,test_s21_strlen_1_fn
FNDA:2,test_s21_strlen_2_fn
FNDA:2,test_s21_strlen_3_fn
FNDA:2,test_s21_strncat_fn
FNDA:2,test_s21_strncmp_1_fn
FNDA:2,test_s21_strncmp_3_fn
FNDA:2,test_s21_strncpy_1_fn
FNDA:2,test_s21_strncpy_2_fn
FNDA:2,test_s21_strncpy_3_fn
FNDA:2,test_s21_strpbrk_1_fn
FNDA:2,test_s21_strpbrk_2_fn
FNDA:2,test_s21_strpbrk_3_fn
FNDA:2,test_s21_sprintf_d_flag_zero_fn
FNDA:2,test_s21_strrchr_1_fn
FNDA:2,test_s21_strrchr_2_fn
FNDA:2,s21_strtok_test_fn
FNDA:2,test_s21_strrchr_3_fn
FNDA:2,test_s21_strrchr_4_fn
FNDA:2,test_s21_strstr_1_fn
FNDA:2,test_s21_strstr_2_fn
FNDA:2,test_sscanf_width_star_i_fn
FNDA:2,test_sscanf_pointer_fn
FNDA:2,test_sscanf_null_pointer_fn
FNDA:2,test_s21_sprintf_u_fn
FNDA:2,test_sscanf_exponential_with_width_fn
FNDA:356,s21_sprintf_suite
FNDA:2,test_s21_sprintf_u_precision_fn
FNDA:2,test_s21_sprintf_u_precision_2_fn
FNDA:356,main
FNDA:2,test_s21_sprintf_u_left_align_fn
FNDA:2,test_s21_sprintf_c_left_align_fn
FNDA:2,test_s21_sprintf_u_width_fn
FNDA:2,test_s21_sprintf_u_width_2_fn
FNDA:2,test_s21_sprintf_u_lenght_h_fn
FNDA:2,test_s21_sprintf_u_lenght_l_fn
FNDA:2,test_s21_sprintf_u_flag_zero_fn
FNDA:2,test_s21_sprintf_percent_fn
FNDA:2,test_s21_sprintf_f_fn
FNDA:2,test_s21_sprintf_f_left_align_fn
FNDA:2,test_s21_sprintf_f_plus_fn
FNDA:2,test_s21_sprintf_f_plus_2_fn
FNDA:2,test_s21_sprintf_f_space_fn
FNDA:2,test_s21_sprintf_c_width_fn
FNDA:2,test_s21_sprintf_f_width_fn
FNDA:2,test_s21_sprintf_f_width_2_fn
FNDA:2,test_s21_sprintf_f_presicion_fn
FNDA:2,test_s21_sprintf_f_presicion_2_fn
FNDA:2,test_s21_sprintf_f_lenght_l_fn
FNDA:2,test_s21_sprintf_f_lenght_L_fn
FNDA:2,test_s21_sprintf_f_flag_zero_fn
FNDA:2,test_s21_sprintf_f_lattice_fn
FNDA:2,test_s21_sprintf_s_fn
FNDA:2,test_s21_sprintf_s_left_align_fn
FNDA:2,test_s21_sprintf_s_width_fn
FNDA:2,test_s21_sprintf_c_width_2_fn
FNDA:2,test_s21_sprintf_s_width_2_fn
FNDA:2,test_s21_sprintf_s_presicion_fn
FNDA:2,test_s21_sprintf_s_presicion_2_fn
FNDA:2,test_s21_sprintf_o_fn
FNDA:2,test_s21_sprintf_o_left_align_fn
FNDA:2,test_s21_sprintf_o_width_fn
FNDA:2,test_s21_sprintf_o_width_2_fn
FNDA:2,test_s21_sprintf_o_lattice_fn
FNDA:2,test_s21_sprintf_o_flag_zero_fn
FNDA:2,test_s21_sprintf_o_presicion_fn
FNDA:2,test_s21_sprintf_o_presicion_2_fn
FNDA:2,test_s21_sprintf_c_length_l_fn
FNDA:2,test_s21_sprintf_o_lenght_l_fn
FNDA:2,test_s21_sprintf_o_lenght_h_fn
FNDA:2,test_s21_sprintf_x_fn
FNDA:2,test_s21_sprintf_X_fn
FNDA:2,test_s21_sprintf_X_left_align_fn
FNDA:2,test_s21_sprintf_X_width_fn
FNDA:2,test_s21_sprintf_X_width_2_fn
FNDA:2,test_s21_sprintf_X_flag_zero_fn
FNDA:2,test_s21_sprintf_X_lattice_fn
FNDA:2,test_s21_sprintf_x_lattice_fn
FNDA:2,test_s21_sprintf_x_presicion_fn
FNDA:2,test_s21_sprintf_d_fn
FNDA:2,test_s21_sprintf_x_presicion_2_fn
FNDA:2,test_s21_sprintf_x_lenght_l_fn
FNDA:2,test_s21_sprintf_p_fn
FNDA:2,test_s21_sprintf_p_left_align_fn
FNDA:2,test_s21_sprintf_p_width_fn
FNDA:2,test_s21_sprintf_p_width_2_fn
FNDA:2,test_trim_spaces_fn
FNDA:2,test_trim_specific_chars_fn
FNDA:2,test_trim_only_trim_chars_fn
FNDA:2,test_trim_no_trim_chars_fn
FNDA:2,test_s21_sprintf_d_left_align_fn
FNDA:2,test_trim_empty_string_fn
FNDA:2,test_trim_null_pointers_fn
FNDA:2,test_s21_insert_fn
FNDA:2,test_s21_insert_null_fn
FNDA:2,test_s21_insert_index_fn
FNDA:2,test_s21_to_lower_fn
FNDA:2,test_s21_to_lower_2_fn
FNDA:2,test_s21_to_lower_3_fn
FNDA:2,test_s21_to_lower_4_fn
FNDA:2,test_s21_to_lower_null_fn
FNDA:2,test_s21_to_upper_fn
FNDA:2,test_s21_to_upper_2_fn
FNDA:2,test_s21_to_upper_3_fn
FNDA:2,test_s21_to_upper_null_fn
FNDA:2,test_s21_sprintf_d_plus_fn
FNDA:2,test_specifier_d_fn
FNF:178
FNH:178
DA:12,2
DA:13,2
DA:14,2
DA:15,2
DA:17,2
DA:19,2
DA:21,2
DA:22,2
DA:25,2
DA:26,2
DA:27,2
DA:28,2
DA:30,2
DA:32,2
DA:33,2
DA:34,2
DA:37,2
DA:38,2
DA:39,2
DA:40,2
DA:42,2
DA:44,2
DA:45,2
DA:46,2
DA:49,2
DA:50,2
DA:51,2
DA:52,2
DA:54,2
DA:56,2
DA:57,2
DA:58,2
DA:61,2
DA:62,2
DA:63,2
DA:64,2
DA:66,2
DA:68,2
DA:69,2
DA:70,2
DA:74,2
DA:75,2
DA:76,2
DA:77,2
DA:79,2
DA:81,2
DA:82,2
DA:83,2
DA:86,2
DA:87,2
DA:88,2
DA:89,2
DA:91,2
DA:93,2
DA:94,2
DA:95,2
DA:98,2
DA:99,2
DA:100,2
DA:101,2
DA:103,2
DA:105,2
DA:106,2
DA:107,2
DA:110,2
DA:111,2
DA:112,2
DA:113,2
DA:115,2
DA:117,2
DA:118,2
DA:119,2
DA:122,2
DA:123,2
DA:124,2
DA:125,2
DA:127,2
DA:129,2
DA:130,2
DA:131,2
DA:134,2
DA:135,2
DA:136,2
DA:137,2
DA:139,2
DA:141,2
DA:142,2
DA:143,2
DA:146,2
DA:147,2
DA:148,2
DA:149,2
DA:151,2
DA:153,2
DA:154,2
DA:155,2
DA:158,2
DA:159,2
DA:160,2
DA:161,2
DA:163,2
DA:165,2
DA:166,2
DA:167,2
DA:170,2
DA:171,2
DA:172,2
DA:173,2
DA:175,2
DA:177,2
DA:178,2
DA:179,2
DA:182,2
DA:183,2
DA:184,2
DA:185,2
DA:187,2
DA:189,2
DA:190,2
DA:191,2
DA:194,2
DA:195,2
DA:196,2
DA:197,2
DA:199,2
DA:201,2
DA:202,2
DA:203,2
DA:207,2
DA:211,2
DA:213,2
DA:214,2
DA:215,2
DA:218,2
DA:222,2
DA:224,2
DA:225,2
DA:226,2
DA:229,2
DA:233,2
DA:235,2
DA:236,2
DA:237,2
DA:240,2
DA:244,2
DA:246,2
DA:247,2
DA:248,2
DA:251,2
DA:255,2
DA:257,2
DA:258,2
DA:259,2
DA:262,2
DA:266,2
DA:268,2
DA:269,2
DA:270,2
DA:273,2
DA:277,2
DA:279,2
DA:280,2
DA:281,2
DA:284,2
DA:287,2
DA:289,2
DA:291,2
DA:292,2
DA:293,2
DA:296,2
DA:300,2
DA:302,2
DA:303,2
DA:304,2
DA:308,2
DA:312,2
DA:314,2
DA:315,2
DA:316,2
DA:320,2
DA:324,2
DA:326,2
DA:327,2
DA:328,2
DA:331,2
DA:335,2
DA:337,2
DA:338,2
DA:339,2
DA:342,2
DA:346,2
DA:348,2
DA:349,2
DA:350,2
DA:353,2
DA:357,2
DA:359,2
DA:360,2
DA:361,2
DA:364,2
DA:368,2
DA:370,2
DA:371,2
DA:372,2
DA:375,2
DA:379,2
DA:381,2
DA:382,2
DA:383,2
DA:386,2
DA:390,2
DA:392,2
DA:393,2
DA:394,2
DA:397,2
DA:401,2
DA:403,2
DA:404,2
DA:405,2
DA:408,2
DA:412,2
DA:414,2
DA:415,2
DA:416,2
DA:419,2
DA:423,2
DA:425,2
DA:426,2
DA:427,2
DA:430,2
DA:434,2
DA:436,2
DA:437,2
DA:438,2
DA:441,2
DA:445,2
DA:447,2
DA:448,2
DA:449,2
DA:452,2
DA:456,2
DA:458,2
DA:459,2
DA:460,2
DA:464,2
DA:468,2
DA:470,2
DA:471,2
DA:472,2
DA:475,2
DA:479,2
DA:481,2
DA:482,2
DA:483,2
DA:486,2
DA:490,2
DA:492,2
DA:493,2
DA:494,2
DA:497,2
DA:501,2
DA:503,2
DA:504,2
DA:505,2
DA:508,2
DA:512,2
DA:514,2
DA:515,2
DA:516,2
DA:519,2
DA:523,2
DA:525,2
DA:526,2
DA:527,2
DA:531,2
DA:535,2
DA:537,2
DA:538,2
DA:539,2
DA:542,2
DA:546,2
DA:548,2
DA:549,2
DA:550,2
DA:553,2
DA:557,2
DA:559,2
DA:560,2
DA:561,2
DA:564,2
DA:568,2
DA:570,2
DA:571,2
DA:572,2
DA:575,2
DA:579,2
DA:581,2
DA:582,2
DA:583,2
DA:586,2
DA:590,2
DA:592,2
DA:593,2
DA:594,2
DA:597,2
DA:601,2
DA:603,2
DA:604,2
DA:605,2
DA:608,2
DA:612,2
DA:614,2
DA:615,2
DA:616,2
DA:619,2
DA:622,2
DA:624,2
DA:626,2
DA:627,2
DA:628,2
DA:631,2
DA:634,2
DA:636,2
DA:638,2
DA:639,2
DA:640,2
DA:644,2
DA:648,2
DA:650,2
DA:651,2
DA:652,2
DA:655,2
DA:659,2
DA:661,2
DA:662,2
DA:663,2
DA:666,2
DA:670,2
DA:672,2
DA:673,2
DA:674,2
DA:677,2
DA:681,2
DA:683,2
DA:684,2
DA:685,2
DA:688,2
DA:692,2
DA:694,2
DA:695,2
DA:696,2
DA:699,2
DA:703,2
DA:705,2
DA:706,2
DA:707,2
DA:710,2
DA:714,2
DA:716,2
DA:717,2
DA:718,2
DA:721,2
DA:725,2
DA:727,2
DA:728,2
DA:729,2
DA:732,2
DA:736,2
DA:738,2
DA:739,2
DA:740,2
DA:743,2
DA:747,2
DA:749,2
DA:750,2
DA:751,2
DA:754,2
DA:757,2
DA:759,2
DA:761,2
DA:762,2
DA:763,2
DA:767,2
DA:770,2
DA:771,2
DA:772,2
DA:773,2
DA:774,2
DA:777,2
DA:780,2
DA:781,2
DA:782,2
DA:783,2
DA:784,2
DA:787,2
DA:790,2
DA:791,2
DA:792,2
DA:793,2
DA:794,2
DA:797,2
DA:800,2
DA:801,2
DA:802,2
DA:803,2
DA:804,2
DA:808,2
DA:809,2
DA:810,2
DA:811,2
DA:813,2
DA:814,2
DA:816,2
DA:817,2
DA:821,2
DA:822,2
DA:823,2
DA:824,2
DA:826,2
DA:827,2
DA:829,2
DA:830,2
DA:834,2
DA:835,2
DA:836,2
DA:837,2
DA:839,2
DA:840,2
DA:842,2
DA:843,2
DA:847,2
DA:848,2
DA:849,2
DA:850,2
DA:852,2
DA:853,2
DA:855,2
DA:856,2
DA:860,2
DA:861,2
DA:862,2
DA:863,2
DA:865,2
DA:866,2
DA:868,2
DA:869,2
DA:873,2
DA:874,2
DA:875,2
DA:877,2
DA:878,2
DA:879,2
DA:883,2
DA:884,2
DA:885,2
DA:886,2
DA:887,2
DA:888,2
DA:890,2
DA:891,2
DA:894,2
DA:895,2
DA:896,2
DA:898,2
DA:899,2
DA:900,2
DA:903,2
DA:904,2
DA:905,2
DA:906,2
DA:907,2
DA:908,2
DA:909,2
DA:913,2
DA:914,2
DA:915,2
DA:916,2
DA:917,2
DA:918,2
DA:921,2
DA:922,2
DA:923,2
DA:924,2
DA:925,2
DA:926,2
DA:927,2
DA:930,2
DA:931,2
DA:932,2
DA:933,2
DA:934,2
DA:935,2
DA:936,2
DA:939,2
DA:940,2
DA:941,2
DA:942,2
DA:943,2
DA:944,2
DA:945,2
DA:948,2
DA:949,2
DA:950,2
DA:951,2
DA:955,2
DA:956,2
DA:957,2
DA:958,2
DA:959,2
DA:960,2
DA:963,2
DA:964,2
DA:965,2
DA:966,2
DA:967,2
DA:968,2
DA:971,2
DA:972,2
DA:973,2
DA:974,2
DA:975,2
DA:976,2
DA:979,2
DA:980,2
DA:981,2
DA:982,2
DA:986,2
DA:987,2
DA:988,2
DA:989,2
DA:992,2
DA:993,2
DA:994,2
DA:995,2
DA:998,2
DA:999,2
DA:1000,2
DA:1001,2
DA:1002,2
DA:1005,2
DA:1006,2
DA:1007,2
DA:1008,2
DA:1009,2
DA:1010,2
DA:1011,2
DA:1014,2
DA:1015,2
DA:1016,2
DA:1017,2
DA:1018,2
DA:1019,2
DA:1020,2
DA:1021,2
DA:1024,2
DA:1025,2
DA:1026,2
DA:1027,2
DA:1030,2
DA:1031,2
DA:1034,2
DA:1035,2
DA:1038,2
DA:1041,2
DA:1042,2
DA:1043,2
DA:1044,2
DA:1045,2
DA:1046,2
DA:1049,2
DA:1053,2
DA:1054,2
DA:1055,2
DA:1056,2
DA:1057,2
DA:1058,2
DA:1061,2
DA:1064,2
DA:1065,2
DA:1066,2
DA:1067,2
DA:1068,2
DA:1069,2
DA:1072,2
DA:1075,2
DA:1076,2
DA:1077,2
DA:1078,2
DA:1079,2
DA:1082,2
DA:1083,2
DA:1084,2
DA:1085,2
DA:1087,2
DA:1088,2
DA:1089,2
DA:1090,2
DA:1092,2
DA:1093,2
DA:1094,2
DA:1095,2
DA:1096,2
DA:1097,2
DA:1098,2
DA:1100,2
DA:1101,2
DA:1102,2
DA:1103,2
DA:1104,2
DA:1105,2
DA:1106,2
DA:1107,2
DA:1110,2
DA:1111,2
DA:1112,2
DA:1113,2
DA:1116,2
DA:1117,2
DA:1120,2
DA:1121,2
DA:1124,2
DA:1125,2
DA:1126,2
DA:1127,2
DA:1129,2
DA:1130,2
DA:1131,2
DA:1132,2
DA:1134,2
DA:1135,2
DA:1136,2
DA:1137,2
DA:1138,2
DA:1139,2
DA:1140,2
DA:1142,2
DA:1143,2
DA:1144,2
DA:1145,2
DA:1146,2
DA:1147,2
DA:1148,2
DA:1149,2
DA:1152,2
DA:1153,2
DA:1154,2
DA:1155,2
DA:1158,2
DA:1159,2
DA:1162,2
DA:1163,2
DA:1166,2
DA:1167,2
DA:1168,2
DA:1169,2
DA:1171,2
DA:1172,2
DA:1173,2
DA:1174,2
DA:1176,2
DA:1177,2
DA:1178,2
DA:1179,2
DA:1180,2
DA:1181,2
DA:1182,2
DA:1184,2
DA:1185,2
DA:1186,2
DA:1187,2
DA:1188,2
DA:1189,2
DA:1190,2
DA:1191,2
DA:1194,2
DA:1195,2
DA:1196,2
DA:1197,2
DA:1200,2
DA:1201,2
DA:1204,2
DA:1206,2
DA:1209,2
DA:1212,2
DA:1213,2
DA:1214,2
DA:1215,2
DA:1216,2
DA:1217,2
DA:1220,2
DA:1221,2
DA:1222,2
DA:1223,2
DA:1225,2
DA:1226,2
DA:1227,2
DA:1228,2
DA:1230,2
DA:1231,2
DA:1232,2
DA:1233,2
DA:1234,2
DA:1236,2
DA:1237,2
DA:1238,2
DA:1239,2
DA:1240,2
DA:1241,2
DA:1244,2
DA:1247,2
DA:1248,2
DA:1249,2
DA:1250,2
DA:1251,2
DA:1252,2
DA:1255,2
DA:1258,2
DA:1259,2
DA:1260,2
DA:1261,2
DA:1262,2
DA:1263,2
DA:1266,2
DA:1273,2
DA:1274,2
DA:1275,2
DA:1276,2
DA:1277,2
DA:1278,2
DA:1279,2
DA:1282,2
DA:1283,2
DA:1284,2
DA:1285,2
DA:1286,2
DA:1287,2
DA:1288,2
DA:1291,2
DA:1292,2
DA:1293,2
DA:1294,2
DA:1295,2
DA:1296,2
DA:1297,2
DA:1298,2
DA:1301,2
DA:1308,2
DA:1309,2
DA:1310,2
DA:1311,2
DA:1312,2
DA:1313,2
DA:1314,2
DA:1317,2
DA:1318,2
DA:1319,2
DA:1320,2
DA:1321,2
DA:1322,2
DA:1323,2
DA:1326,2
DA:1327,2
DA:1328,2
DA:1329,2
DA:1330,2
DA:1331,2
DA:1332,2
DA:1333,2
DA:1336,2
DA:1338,2
DA:1339,2
DA:1340,2
DA:1341,2
DA:1342,2
DA:1344,2
DA:1345,2
DA:1346,2
DA:1347,2
DA:1348,2
DA:1351,2
DA:1352,2
DA:1355,2
DA:1356,2
DA:1358,2
DA:1359,2
DA:1361,2
DA:1364,2
DA:1365,2
DA:1368,2
DA:1369,2
DA:1371,2
DA:1372,2
DA:1374,2
DA:1378,4
DA:1381,4
DA:1382,4
DA:1383,4
DA:1384,4
DA:1385,4
DA:1388,2
DA:1391,2
DA:1392,2
DA:1393,2
DA:1394,2
DA:1395,2
DA:1398,2
DA:1401,2
DA:1402,2
DA:1403,2
DA:1404,2
DA:1405,2
DA:1408,2
DA:1411,2
DA:1412,2
DA:1413,2
DA:1414,2
DA:1415,2
DA:1418,2
DA:1421,2
DA:1422,2
DA:1423,2
DA:1424,2
DA:1425,2
DA:1428,2
DA:1431,2
DA:1432,2
DA:1433,2
DA:1434,2
DA:1435,2
DA:1438,2
DA:1441,2
DA:1442,2
DA:1443,2
DA:1444,2
DA:1445,2
DA:1448,2
DA:1451,2
DA:1452,2
DA:1453,2
DA:1454,2
DA:1455,2
DA:1458,2
DA:1461,2
DA:1462,2
DA:1463,2
DA:1464,2
DA:1465,2
DA:1468,2
DA:1471,2
DA:1472,2
DA:1473,2
DA:1474,2
DA:1475,2
DA:1478,2
DA:1481,2
DA:1482,2
DA:1483,2
DA:1484,2
DA:1485,2
DA:1488,2
DA:1491,2
DA:1492,2
DA:1493,2
DA:1494,2
DA:1495,2
DA:1498,2
DA:1501,2
DA:1502,2
DA:1503,2
DA:1504,2
DA:1505,2
DA:1508,2
DA:1511,2
DA:1512,2
DA:1513,2
DA:1514,2
DA:1515,2
DA:1518,2
DA:1521,2
DA:1522,2
DA:1523,2
DA:1524,2
DA:1525,2
DA:1528,2
DA:1531,2
DA:1532,2
DA:1533,2
DA:1534,2
DA:1535,2
DA:1540,2
DA:1543,2
DA:1544,2
DA:1545,2
DA:1546,2
DA:1548,2
DA:1549,2
DA:1550,2
DA:1553,2
DA:1556,2
DA:1557,2
DA:1558,2
DA:1559,2
DA:1562,2
DA:1565,2
DA:1566,2
DA:1567,2
DA:1568,2
DA:1571,2
DA:1574,2
DA:1575,2
DA:1576,2
DA:1577,2
DA:1580,2
DA:1583,2
DA:1584,2
DA:1585,2
DA:1586,2
DA:1589,2
DA:1590,2
DA:1591,2
DA:1592,2
DA:1595,2
DA:1598,2
DA:1601,2
DA:1603,2
DA:1604,2
DA:1607,2
DA:1610,2
DA:1612,2
DA:1614,2
DA:1615,2
DA:1616,2
DA:1620,2
DA:1621,2
DA:1624,2
DA:1626,2
DA:1627,2
DA:1628,2
DA:1629,2
DA:1630,2
DA:1631,2
DA:1634,2
DA:1636,2
DA:1637,2
DA:1639,2
DA:1640,2
DA:1641,2
DA:1644,2
DA:1645,2
DA:1646,2
DA:1648,2
DA:1649,2
DA:1650,2
DA:1653,2
DA:1654,2
DA:1655,2
DA:1657,2
DA:1658,2
DA:1659,2
DA:1662,2
DA:1663,2
DA:1664,2
DA:1666,2
DA:1667,2
DA:1669,2
DA:1670,2
DA:1673,2
DA:1674,2
DA:1675,2
DA:1677,2
DA:1678,2
DA:1680,2
DA:1681,2
DA:1684,2
DA:1685,2
DA:1686,2
DA:1688,2
DA:1689,2
DA:1691,2
DA:1692,2
DA:1695,2
DA:1696,2
DA:1697,2
DA:1699,2
DA:1700,2
DA:1702,2
DA:1703,2
DA:1706,2
DA:1707,2
DA:1708,2
DA:1709,2
DA:1710,2
DA:1712,2
DA:1713,2
DA:1716,2
DA:1717,2
DA:1718,2
DA:1719,2
DA:1720,2
DA:1722,2
DA:1723,2
DA:1726,2
DA:1727,2
DA:1728,2
DA:1729,2
DA:1731,2
DA:1732,2
DA:1735,2
DA:1736,2
DA:1737,2
DA:1738,2
DA:1740,2
DA:1741,2
DA:1742,2
DA:1745,2
DA:1746,2
DA:1747,2
DA:1748,2
DA:1750,2
DA:1751,2
DA:1754,2
DA:1755,2
DA:1756,2
DA:1760,2
DA:1761,2
DA:1763,2
DA:1764,2
DA:1765,2
DA:1766,2
DA:1769,2
DA:1770,2
DA:1771,2
DA:1773,2
DA:1775,2
DA:1776,2
DA:1779,2
DA:1780,2
DA:1781,2
DA:1784,2
DA:1785,2
DA:1787,2
DA:1788,2
DA:1791,2
DA:1792,2
DA:1793,2
DA:1796,2
DA:1797,2
DA:1799,2
DA:1800,2
DA:1803,2
DA:1804,2
DA:1805,2
DA:1808,2
DA:1809,2
DA:1811,2
DA:1812,2
DA:1815,2
DA:1816,2
DA:1817,2
DA:1820,2
DA:1821,2
DA:1823,2
DA:1824,2
DA:1827,2
DA:1828,402
DA:1829,400
DA:1831,2
DA:1834,2
DA:1835,2
DA:1838,2
DA:1839,2
DA:1841,2
DA:1842,2
DA:1845,2
DA:1846,2
DA:1849,2
DA:1850,2
DA:1852,2
DA:1853,2
DA:1856,2
DA:1857,2
DA:1860,2
DA:1861,2
DA:1863,2
DA:1864,2
DA:1867,2
DA:1868,2
DA:1869,2
DA:1870,2
DA:1871,2
DA:1872,2
DA:1873,2
DA:1874,2
DA:1877,2
DA:1878,2
DA:1879,2
DA:1880,2
DA:1881,2
DA:1884,2
DA:1885,2
DA:1886,2
DA:1887,2
DA:1888,2
DA:1891,2
DA:1892,2
DA:1893,2
DA:1894,2
DA:1895,2
DA:1896,2
DA:1897,2
DA:1900,2
DA:1901,2
DA:1902,2
DA:1903,2
DA:1904,2
DA:1905,2
DA:1906,2
DA:1909,2
DA:1910,2
DA:1911,2
DA:1912,2
DA:1913,2
DA:1914,2
DA:1915,2
DA:1918,2
DA:1919,2
DA:1920,2
DA:1923,2
DA:1924,2
DA:1925,2
DA:1926,2
DA:1929,2
DA:1931,2
DA:1932,2
DA:1933,2
DA:1934,2
DA:1935,2
DA:1938,2
DA:1940,2
DA:1941,2
DA:1942,2
DA:1943,2
DA:1944,2
DA:1947,2
DA:1948,2
DA:1949,2
DA:1951,2
DA:1952,2
DA:1953,2
DA:1956,2
DA:1957,2
DA:1958,2
DA:1961,2
DA:1962,2
DA:1963,2
DA:1964,2
DA:1967,2
DA:1968,2
DA:1969,2
DA:1970,2
DA:1971,2
DA:1972,2
DA:1973,2
DA:1974,12
DA:1975,10
DA:1976,10
DA:1977,10
DA:1980,2
DA:1981,2
DA:1982,2
DA:1983,2
DA:1984,2
DA:1985,2
DA:1986,2
DA:1987,2
DA:1988,2
DA:1991,2
DA:1992,2
DA:1993,2
DA:1996,2
DA:1997,2
DA:1998,2
DA:1999,2
DA:2002,2
DA:2003,2
DA:2004,2
DA:2006,2
DA:2008,2
DA:2009,2
DA:2012,2
DA:2013,2
DA:2014,2
DA:2017,2
DA:2018,2
DA:2019,2
DA:2020,2
DA:2023,2
DA:2024,2
DA:2025,2
DA:2027,2
DA:2028,2
DA:2029,2
DA:2032,2
DA:2033,2
DA:2038,2
DA:2039,2
DA:2040,2
DA:2043,2
DA:2044,2
DA:2045,2
DA:2046,2
DA:2049,2
DA:2051,2
DA:2052,2
DA:2053,2
DA:2055,2
DA:2056,2
DA:2057,2
DA:2061,2
DA:2063,2
DA:2064,2
DA:2065,2
DA:2067,2
DA:2068,2
DA:2069,2
DA:2072,2
DA:2075,2
DA:2076,2
DA:2077,2
DA:2078,2
DA:2080,2
DA:2081,2
DA:2082,2
DA:2086,356
DA:2087,356
DA:2089,356
DA:2090,356
DA:2091,356
DA:2092,356
DA:2093,356
DA:2095,356
DA:2096,356
DA:2097,356
DA:2098,356
DA:2100,356
DA:2101,356
DA:2103,356
DA:2104,356
DA:2105,356
DA:2107,356
DA:2108,356
DA:2110,356
DA:2111,356
DA:2112,356
DA:2113,356
DA:2115,356
DA:2117,356
DA:2118,356
DA:2119,356
DA:2121,356
DA:2123,356
DA:2124,356
DA:2126,356
DA:2127,356
DA:2128,356
DA:2130,356
DA:2131,356
DA:2132,356
DA:2134,356
DA:2135,356
DA:2136,356
DA:2137,356
DA:2139,356
DA:2140,356
DA:2142,356
DA:2144,356
DA:2145,356
DA:2146,356
DA:2147,356
DA:2148,356
DA:2150,356
DA:2151,356
DA:2152,356
DA:2153,356
DA:2154,356
DA:2155,356
DA:2156,356
DA:2157,356
DA:2158,356
DA:2159,356
DA:2160,356
DA:2162,356
DA:2163,356
DA:2164,356
DA:2165,356
DA:2166,356
DA:2167,356
DA:2168,356
DA:2169,356
DA:2170,356
DA:2172,356
DA:2174,356
DA:2175,356
DA:2176,356
DA:2177,356
DA:2178,356
DA:2179,356
DA:2180,356
DA:2181,356
DA:2182,356
DA:2183,356
DA:2184,356
DA:2185,356
DA:2186,356
DA:2188,356
DA:2189,356
DA:2190,356
DA:2191,356
DA:2192,356
DA:2193,356
DA:2195,356
DA:2196,356
DA:2197,356
DA:2198,356
DA:2199,356
DA:2200,356
DA:2201,356
DA:2202,356
DA:2203,356
DA:2204,356
DA:2206,356
DA:2207,356
DA:2208,356
DA:2209,356
DA:2210,356
DA:2211,356
DA:2212,356
DA:2213,356
DA:2214,356
DA:2215,356
DA:2216,356
DA:2218,356
DA:2219,356
DA:2220,356
DA:2221,356
DA:2223,356
DA:2224,356
DA:2225,356
DA:2226,356
DA:2227,356
DA:2228,356
DA:2230,356
DA:2231,356
DA:2232,356
DA:2234,356
DA:2235,356
DA:2236,356
DA:2237,356
DA:2238,356
DA:2240,356
DA:2241,356
DA:2242,356
DA:2243,356
DA:2245,356
DA:2246,356
DA:2247,356
DA:2248,356
DA:2249,356
DA:2250,356
DA:2251,356
DA:2252,356
DA:2253,356
DA:2254,356
DA:2255,356
DA:2256,356
DA:2257,356
DA:2258,356
DA:2259,356
DA:2260,356
DA:2261,356
DA:2262,356
DA:2263,356
DA:2264,356
DA:2265,356
DA:2267,356
DA:2268,356
DA:2269,356
DA:2270,356
DA:2271,356
DA:2272,356
DA:2273,356
DA:2274,356
DA:2275,356
DA:2276,356
DA:2277,356
DA:2279,356
DA:2280,356
DA:2281,356
DA:2282,356
DA:2283,356
DA:2284,356
DA:2286,356
DA:2287,356
DA:2288,356
DA:2289,356
DA:2290,356
DA:2291,356
DA:2292,356
DA:2293,356
DA:2294,356
DA:2295,356
DA:2296,356
DA:2297,356
DA:2299,356
DA:2301,356
DA:2305,356
DA:2307,356
DA:2308,356
DA:2310,356
DA:2311,2
DA:2312,2
DA:2314,2
LF:1422
LH:1422
end_of_record
